<?xml version="1.0" encoding="UTF-8"?>
<!-- Generated by org.testng.reporters.JUnitXMLReporter -->
<testsuite ignored="0" hostname="DESKTOP-92QJHJ9" failures="0" tests="3" name="Default test" time="14.592" errors="0" timestamp="2023-03-23T23:19:05 IST">
  <testcase classname="testCases.AddHighPriceItem" name="selectDropdown" time="1.049"/>
  <testcase classname="testCases.AddHighPriceItem" name="selectlowestPriceitem" time="0.365"/>
  <testcase classname="testCases.AddHighPriceItem" name="verifytitle" time="0.193"/>
</testsuite> <!-- Default test -->
