<?xml version="1.0" encoding="UTF-8"?>
<testng-results ignored="0" total="4" passed="4" failed="0" skipped="0">
  <reporter-output>
  </reporter-output>
  <suite started-at="2023-01-04T22:48:16 IST" name="Default suite" finished-at="2023-01-04T22:48:24 IST" duration-ms="7985">
    <groups>
    </groups>
    <test started-at="2023-01-04T22:48:16 IST" name="Default test" finished-at="2023-01-04T22:48:24 IST" duration-ms="7985">
      <class name="testCases.LoginTest">
        <test-method is-config="true" signature="setup()[pri:0, instance:testCases.LoginTest@8f4ea7c]" started-at="2023-01-04T22:48:16 IST" name="setup" finished-at="2023-01-04T22:48:20 IST" duration-ms="3300" status="PASS">
          <reporter-output>
          </reporter-output>
        </test-method> <!-- setup -->
        <test-method is-config="true" signature="loginTestCase()[pri:0, instance:testCases.LoginTest@8f4ea7c]" started-at="2023-01-04T22:48:20 IST" name="loginTestCase" finished-at="2023-01-04T22:48:22 IST" duration-ms="1977" status="PASS">
          <reporter-output>
          </reporter-output>
        </test-method> <!-- loginTestCase -->
        <test-method signature="TestWithEmpty()[pri:0, instance:testCases.LoginTest@8f4ea7c]" started-at="2023-01-04T22:48:22 IST" name="TestWithEmpty" finished-at="2023-01-04T22:48:22 IST" duration-ms="321" status="PASS">
          <reporter-output>
          </reporter-output>
        </test-method> <!-- TestWithEmpty -->
        <test-method is-config="true" signature="loginTestCase()[pri:0, instance:testCases.LoginTest@8f4ea7c]" started-at="2023-01-04T22:48:22 IST" name="loginTestCase" finished-at="2023-01-04T22:48:22 IST" duration-ms="270" status="PASS">
          <reporter-output>
          </reporter-output>
        </test-method> <!-- loginTestCase -->
        <test-method signature="TestWithInvalidData()[pri:0, instance:testCases.LoginTest@8f4ea7c]" started-at="2023-01-04T22:48:22 IST" name="TestWithInvalidData" finished-at="2023-01-04T22:48:22 IST" duration-ms="301" status="PASS">
          <reporter-output>
          </reporter-output>
        </test-method> <!-- TestWithInvalidData -->
        <test-method is-config="true" signature="loginTestCase()[pri:0, instance:testCases.LoginTest@8f4ea7c]" started-at="2023-01-04T22:48:22 IST" name="loginTestCase" finished-at="2023-01-04T22:48:23 IST" duration-ms="565" status="PASS">
          <reporter-output>
          </reporter-output>
        </test-method> <!-- loginTestCase -->
        <test-method signature="TestWithValidData()[pri:0, instance:testCases.LoginTest@8f4ea7c]" started-at="2023-01-04T22:48:23 IST" name="TestWithValidData" finished-at="2023-01-04T22:48:23 IST" duration-ms="410" status="PASS">
          <reporter-output>
          </reporter-output>
        </test-method> <!-- TestWithValidData -->
        <test-method is-config="true" signature="loginTestCase()[pri:0, instance:testCases.LoginTest@8f4ea7c]" started-at="2023-01-04T22:48:23 IST" name="loginTestCase" finished-at="2023-01-04T22:48:24 IST" duration-ms="199" status="PASS">
          <reporter-output>
          </reporter-output>
        </test-method> <!-- loginTestCase -->
        <test-method signature="TestWithValidPassword()[pri:0, instance:testCases.LoginTest@8f4ea7c]" started-at="2023-01-04T22:48:24 IST" name="TestWithValidPassword" finished-at="2023-01-04T22:48:24 IST" duration-ms="314" status="PASS">
          <reporter-output>
          </reporter-output>
        </test-method> <!-- TestWithValidPassword -->
        <test-method is-config="true" signature="Teardown()[pri:0, instance:testCases.LoginTest@8f4ea7c]" started-at="2023-01-04T22:48:24 IST" name="Teardown" finished-at="2023-01-04T22:48:24 IST" duration-ms="262" status="PASS">
          <reporter-output>
          </reporter-output>
        </test-method> <!-- Teardown -->
      </class> <!-- testCases.LoginTest -->
    </test> <!-- Default test -->
  </suite> <!-- Default suite -->
</testng-results>
